TN:
SF:/Users/funk/Development/Projects/schemaless-normalizer/expandable.js
FNF:0
FNH:0
DA:2,5
LF:1
LH:1
BRDA:2,0,0,1
BRDA:2,0,1,4
BRDA:2,1,0,5
BRDA:2,1,1,1
BRDA:3,2,0,5
BRDA:3,2,1,5
BRDA:3,2,2,3
BRDA:3,2,3,1
BRF:8
BRH:8
end_of_record
TN:
SF:/Users/funk/Development/Projects/schemaless-normalizer/expandable.spec.js
FN:7,(anonymous_1)
FN:22,(anonymous_2)
FN:23,(anonymous_3)
FN:27,(anonymous_4)
FN:31,(anonymous_5)
FN:36,(anonymous_6)
FN:37,(anonymous_7)
FN:41,(anonymous_8)
FNF:8
FNH:8
FNDA:1,(anonymous_1)
FNDA:1,(anonymous_2)
FNDA:1,(anonymous_3)
FNDA:1,(anonymous_4)
FNDA:1,(anonymous_5)
FNDA:1,(anonymous_6)
FNDA:1,(anonymous_7)
FNDA:1,(anonymous_8)
DA:1,1
DA:3,1
DA:5,1
DA:7,1
DA:8,1
DA:15,1
DA:16,1
DA:17,1
DA:18,1
DA:22,1
DA:23,1
DA:24,1
DA:27,1
DA:28,1
DA:31,1
DA:32,1
DA:36,1
DA:37,1
DA:38,1
DA:41,1
DA:42,1
LF:21
LH:21
BRF:0
BRH:0
end_of_record
